Erro n達o tratado: Error: listen EADDRINUSE: address already in use :::3001
    at Server.setupListenHandle [as _listen2] (node:net:1817:16)
    at listenInCluster (node:net:1865:12)
    at Server.listen (node:net:1953:7)
    at Function.listen (C:\Users\conta\OneDrive\Desktop\pizzaria-nostra\backend\node_modules\express\lib\application.js:635:24)
    at Object.<anonymous> (C:\Users\conta\OneDrive\Desktop\pizzaria-nostra\backend\server.js:22:5)
    at Module._compile (node:internal/modules/cjs/loader:1364:14)
    at Module._extensions..js (node:internal/modules/cjs/loader:1422:10)
    at Module.load (node:internal/modules/cjs/loader:1203:32)
    at Module._load (node:internal/modules/cjs/loader:1019:12)
    at Function.executeUserEntryPoint [as runMain] (node:internal/modules/run_main:128:12) {
  code: 'EADDRINUSE',
  errno: -4091,
  syscall: 'listen',
  address: '::',
  port: 3001
}
Erro n達o tratado: Error: listen EADDRINUSE: address already in use :::3001
    at Server.setupListenHandle [as _listen2] (node:net:1817:16)
    at listenInCluster (node:net:1865:12)
    at Server.listen (node:net:1953:7)
    at Function.listen (C:\Users\conta\OneDrive\Desktop\pizzaria-nostra\backend\node_modules\express\lib\application.js:635:24)
    at Object.<anonymous> (C:\Users\conta\OneDrive\Desktop\pizzaria-nostra\backend\server.js:22:5)
    at Module._compile (node:internal/modules/cjs/loader:1364:14)
    at Module._extensions..js (node:internal/modules/cjs/loader:1422:10)
    at Module.load (node:internal/modules/cjs/loader:1203:32)
    at Module._load (node:internal/modules/cjs/loader:1019:12)
    at Function.executeUserEntryPoint [as runMain] (node:internal/modules/run_main:128:12) {
  code: 'EADDRINUSE',
  errno: -4091,
  syscall: 'listen',
  address: '::',
  port: 3001
}
Erro n達o tratado: Error: listen EADDRINUSE: address already in use :::3001
    at Server.setupListenHandle [as _listen2] (node:net:1817:16)
    at listenInCluster (node:net:1865:12)
    at Server.listen (node:net:1953:7)
    at Function.listen (C:\Users\conta\OneDrive\Desktop\pizzaria-nostra\backend\node_modules\express\lib\application.js:635:24)
    at Object.<anonymous> (C:\Users\conta\OneDrive\Desktop\pizzaria-nostra\backend\server.js:22:5)
    at Module._compile (node:internal/modules/cjs/loader:1364:14)
    at Module._extensions..js (node:internal/modules/cjs/loader:1422:10)
    at Module.load (node:internal/modules/cjs/loader:1203:32)
    at Module._load (node:internal/modules/cjs/loader:1019:12)
    at Function.executeUserEntryPoint [as runMain] (node:internal/modules/run_main:128:12) {
  code: 'EADDRINUSE',
  errno: -4091,
  syscall: 'listen',
  address: '::',
  port: 3001
}
Erro n達o tratado: Error: listen EADDRINUSE: address already in use :::3001
    at Server.setupListenHandle [as _listen2] (node:net:1817:16)
    at listenInCluster (node:net:1865:12)
    at Server.listen (node:net:1953:7)
    at Function.listen (C:\Users\conta\OneDrive\Desktop\pizzaria-nostra\backend\node_modules\express\lib\application.js:635:24)
    at Object.<anonymous> (C:\Users\conta\OneDrive\Desktop\pizzaria-nostra\backend\server.js:22:5)
    at Module._compile (node:internal/modules/cjs/loader:1364:14)
    at Module._extensions..js (node:internal/modules/cjs/loader:1422:10)
    at Module.load (node:internal/modules/cjs/loader:1203:32)
    at Module._load (node:internal/modules/cjs/loader:1019:12)
    at Function.executeUserEntryPoint [as runMain] (node:internal/modules/run_main:128:12) {
  code: 'EADDRINUSE',
  errno: -4091,
  syscall: 'listen',
  address: '::',
  port: 3001
}
C:\Users\conta\OneDrive\Desktop\pizzaria-nostra\backend\server.js:11
router.post('/print/test', async (req, res) => {
^

ReferenceError: router is not defined
    at Object.<anonymous> (C:\Users\conta\OneDrive\Desktop\pizzaria-nostra\backend\server.js:11:1)
    at Module._compile (node:internal/modules/cjs/loader:1364:14)
    at Module._extensions..js (node:internal/modules/cjs/loader:1422:10)
    at Module.load (node:internal/modules/cjs/loader:1203:32)
    at Module._load (node:internal/modules/cjs/loader:1019:12)
    at Function.executeUserEntryPoint [as runMain] (node:internal/modules/run_main:128:12)
    at node:internal/main/run_main_module:28:49

Node.js v18.20.8
C:\Users\conta\OneDrive\Desktop\pizzaria-nostra\backend\server.js:11
router.post('/print/test', async (req, res) => {
^

ReferenceError: router is not defined
    at Object.<anonymous> (C:\Users\conta\OneDrive\Desktop\pizzaria-nostra\backend\server.js:11:1)
    at Module._compile (node:internal/modules/cjs/loader:1364:14)
    at Module._extensions..js (node:internal/modules/cjs/loader:1422:10)
    at Module.load (node:internal/modules/cjs/loader:1203:32)
    at Module._load (node:internal/modules/cjs/loader:1019:12)
    at Function.executeUserEntryPoint [as runMain] (node:internal/modules/run_main:128:12)
    at node:internal/main/run_main_module:28:49

Node.js v18.20.8
C:\Users\conta\OneDrive\Desktop\pizzaria-nostra\backend\server.js:11
router.post('/print/test', async (req, res) => {
^

ReferenceError: router is not defined
    at Object.<anonymous> (C:\Users\conta\OneDrive\Desktop\pizzaria-nostra\backend\server.js:11:1)
    at Module._compile (node:internal/modules/cjs/loader:1364:14)
    at Module._extensions..js (node:internal/modules/cjs/loader:1422:10)
    at Module.load (node:internal/modules/cjs/loader:1203:32)
    at Module._load (node:internal/modules/cjs/loader:1019:12)
    at Function.executeUserEntryPoint [as runMain] (node:internal/modules/run_main:128:12)
    at node:internal/main/run_main_module:28:49

Node.js v18.20.8
C:\Users\conta\OneDrive\Desktop\pizzaria-nostra\backend\server.js:11
router.post('/print/test', async (req, res) => {
^

ReferenceError: router is not defined
    at Object.<anonymous> (C:\Users\conta\OneDrive\Desktop\pizzaria-nostra\backend\server.js:11:1)
    at Module._compile (node:internal/modules/cjs/loader:1364:14)
    at Module._extensions..js (node:internal/modules/cjs/loader:1422:10)
    at Module.load (node:internal/modules/cjs/loader:1203:32)
    at Module._load (node:internal/modules/cjs/loader:1019:12)
    at Function.executeUserEntryPoint [as runMain] (node:internal/modules/run_main:128:12)
    at node:internal/main/run_main_module:28:49

Node.js v18.20.8
C:\Users\conta\OneDrive\Desktop\pizzaria-nostra\backend\server.js:11
router.post('/print/test', async (req, res) => {
^

ReferenceError: router is not defined
    at Object.<anonymous> (C:\Users\conta\OneDrive\Desktop\pizzaria-nostra\backend\server.js:11:1)
    at Module._compile (node:internal/modules/cjs/loader:1364:14)
    at Module._extensions..js (node:internal/modules/cjs/loader:1422:10)
    at Module.load (node:internal/modules/cjs/loader:1203:32)
    at Module._load (node:internal/modules/cjs/loader:1019:12)
    at Function.executeUserEntryPoint [as runMain] (node:internal/modules/run_main:128:12)
    at node:internal/main/run_main_module:28:49

Node.js v18.20.8
C:\Users\conta\OneDrive\Desktop\pizzaria-nostra\backend\server.js:11
router.post('/print/test', async (req, res) => {
^

ReferenceError: router is not defined
    at Object.<anonymous> (C:\Users\conta\OneDrive\Desktop\pizzaria-nostra\backend\server.js:11:1)
    at Module._compile (node:internal/modules/cjs/loader:1364:14)
    at Module._extensions..js (node:internal/modules/cjs/loader:1422:10)
    at Module.load (node:internal/modules/cjs/loader:1203:32)
    at Module._load (node:internal/modules/cjs/loader:1019:12)
    at Function.executeUserEntryPoint [as runMain] (node:internal/modules/run_main:128:12)
    at node:internal/main/run_main_module:28:49

Node.js v18.20.8
C:\Users\conta\OneDrive\Desktop\pizzaria-nostra\backend\server.js:11
router.post('/print/test', async (req, res) => {
^

ReferenceError: router is not defined
    at Object.<anonymous> (C:\Users\conta\OneDrive\Desktop\pizzaria-nostra\backend\server.js:11:1)
    at Module._compile (node:internal/modules/cjs/loader:1364:14)
    at Module._extensions..js (node:internal/modules/cjs/loader:1422:10)
    at Module.load (node:internal/modules/cjs/loader:1203:32)
    at Module._load (node:internal/modules/cjs/loader:1019:12)
    at Function.executeUserEntryPoint [as runMain] (node:internal/modules/run_main:128:12)
    at node:internal/main/run_main_module:28:49

Node.js v18.20.8
C:\Users\conta\OneDrive\Desktop\pizzaria-nostra\backend\server.js:11
router.post('/print/test', async (req, res) => {
^

ReferenceError: router is not defined
    at Object.<anonymous> (C:\Users\conta\OneDrive\Desktop\pizzaria-nostra\backend\server.js:11:1)
    at Module._compile (node:internal/modules/cjs/loader:1364:14)
    at Module._extensions..js (node:internal/modules/cjs/loader:1422:10)
    at Module.load (node:internal/modules/cjs/loader:1203:32)
    at Module._load (node:internal/modules/cjs/loader:1019:12)
    at Function.executeUserEntryPoint [as runMain] (node:internal/modules/run_main:128:12)
    at node:internal/main/run_main_module:28:49

Node.js v18.20.8
C:\Users\conta\OneDrive\Desktop\pizzaria-nostra\backend\server.js:11
router.post('/print/test', async (req, res) => {
^

ReferenceError: router is not defined
    at Object.<anonymous> (C:\Users\conta\OneDrive\Desktop\pizzaria-nostra\backend\server.js:11:1)
    at Module._compile (node:internal/modules/cjs/loader:1364:14)
    at Module._extensions..js (node:internal/modules/cjs/loader:1422:10)
    at Module.load (node:internal/modules/cjs/loader:1203:32)
    at Module._load (node:internal/modules/cjs/loader:1019:12)
    at Function.executeUserEntryPoint [as runMain] (node:internal/modules/run_main:128:12)
    at node:internal/main/run_main_module:28:49

Node.js v18.20.8
C:\Users\conta\OneDrive\Desktop\pizzaria-nostra\backend\server.js:11
router.post('/print/test', async (req, res) => {
^

ReferenceError: router is not defined
    at Object.<anonymous> (C:\Users\conta\OneDrive\Desktop\pizzaria-nostra\backend\server.js:11:1)
    at Module._compile (node:internal/modules/cjs/loader:1364:14)
    at Module._extensions..js (node:internal/modules/cjs/loader:1422:10)
    at Module.load (node:internal/modules/cjs/loader:1203:32)
    at Module._load (node:internal/modules/cjs/loader:1019:12)
    at Function.executeUserEntryPoint [as runMain] (node:internal/modules/run_main:128:12)
    at node:internal/main/run_main_module:28:49

Node.js v18.20.8
C:\Users\conta\OneDrive\Desktop\pizzaria-nostra\backend\server.js:11
router.post('/print/test', async (req, res) => {
^

ReferenceError: router is not defined
    at Object.<anonymous> (C:\Users\conta\OneDrive\Desktop\pizzaria-nostra\backend\server.js:11:1)
    at Module._compile (node:internal/modules/cjs/loader:1364:14)
    at Module._extensions..js (node:internal/modules/cjs/loader:1422:10)
    at Module.load (node:internal/modules/cjs/loader:1203:32)
    at Module._load (node:internal/modules/cjs/loader:1019:12)
    at Function.executeUserEntryPoint [as runMain] (node:internal/modules/run_main:128:12)
    at node:internal/main/run_main_module:28:49

Node.js v18.20.8
C:\Users\conta\OneDrive\Desktop\pizzaria-nostra\backend\server.js:11
router.post('/print/test', async (req, res) => {
^

ReferenceError: router is not defined
    at Object.<anonymous> (C:\Users\conta\OneDrive\Desktop\pizzaria-nostra\backend\server.js:11:1)
    at Module._compile (node:internal/modules/cjs/loader:1364:14)
    at Module._extensions..js (node:internal/modules/cjs/loader:1422:10)
    at Module.load (node:internal/modules/cjs/loader:1203:32)
    at Module._load (node:internal/modules/cjs/loader:1019:12)
    at Function.executeUserEntryPoint [as runMain] (node:internal/modules/run_main:128:12)
    at node:internal/main/run_main_module:28:49

Node.js v18.20.8
