2025-07-18 13:00:23 - Starting C:\Program Files\nodejs\node.exe  --harmony --max_old_space_size=4096 C:\Users\conta\OneDrive\Desktop\pizzaria-nostra\backend\node_modules\node-windows\lib\wrapper.js --file C:\Users\conta\OneDrive\Desktop\pizzaria-nostra\backend\server.js --scriptoptions= --log "PizzaNostraPrinterService wrapper" --grow 0.25 --wait 1 --maxrestarts 3 --abortonerror n --stopparentfirst undefined
2025-07-18 13:00:23 - Started 19096
2025-07-18 13:03:06 - Stopping pizzanostraprinterservice.exe
2025-07-18 13:03:06 - ProcessKill 19096
2025-07-18 13:03:06 - Found child process: 37592 Name: conhost.exe
2025-07-18 13:03:06 - Found child process: 19264 Name: node.exe
2025-07-18 13:03:06 - Stopping process 37592
2025-07-18 13:03:06 - Send SIGINT 37592
2025-07-18 13:03:06 - SIGINT to 37592 failed - Killing as fallback
2025-07-18 13:03:07 - Stopping process 19264
2025-07-18 13:03:07 - Send SIGINT 19264
2025-07-18 13:03:07 - SIGINT to 19264 failed - Killing as fallback
2025-07-18 13:03:07 - Stopping process 19096
2025-07-18 13:03:07 - Send SIGINT 19096
2025-07-18 13:03:07 - SIGINT to 19096 failed - Killing as fallback
2025-07-18 13:03:07 - Finished pizzanostraprinterservice.exe
2025-07-18 13:03:07 - Starting C:\Program Files\nodejs\node.exe  --harmony --max_old_space_size=4096 C:\Users\conta\OneDrive\Desktop\pizzaria-nostra\backend\node_modules\node-windows\lib\wrapper.js --file C:\Users\conta\OneDrive\Desktop\pizzaria-nostra\backend\server.js --scriptoptions= --log "PizzaNostraPrinterService wrapper" --grow 0.25 --wait 1 --maxrestarts 3 --abortonerror n --stopparentfirst undefined
2025-07-18 13:03:07 - Started 40716
2025-07-18 13:04:02 - Stopping pizzanostraprinterservice.exe
2025-07-18 13:04:02 - ProcessKill 40716
2025-07-18 13:04:02 - Found child process: 37184 Name: conhost.exe
2025-07-18 13:04:02 - Found child process: 38852 Name: node.exe
2025-07-18 13:04:02 - Stopping process 37184
2025-07-18 13:04:02 - Send SIGINT 37184
2025-07-18 13:04:02 - SIGINT to 37184 failed - Killing as fallback
2025-07-18 13:04:02 - Stopping process 38852
2025-07-18 13:04:02 - Send SIGINT 38852
2025-07-18 13:04:02 - SIGINT to 38852 failed - Killing as fallback
2025-07-18 13:04:02 - Stopping process 40716
2025-07-18 13:04:02 - Send SIGINT 40716
2025-07-18 13:04:02 - SIGINT to 40716 failed - Killing as fallback
2025-07-18 13:04:02 - Finished pizzanostraprinterservice.exe
2025-07-18 13:04:02 - Starting C:\Program Files\nodejs\node.exe  --harmony --max_old_space_size=4096 C:\Users\conta\OneDrive\Desktop\pizzaria-nostra\backend\node_modules\node-windows\lib\wrapper.js --file C:\Users\conta\OneDrive\Desktop\pizzaria-nostra\backend\server.js --scriptoptions= --log "PizzaNostraPrinterService wrapper" --grow 0.25 --wait 1 --maxrestarts 3 --abortonerror n --stopparentfirst undefined
2025-07-18 13:04:02 - Started 23400
2025-07-18 13:05:58 - Stopping pizzanostraprinterservice.exe
2025-07-18 13:05:58 - ProcessKill 23400
2025-07-18 13:05:58 - Found child process: 39588 Name: conhost.exe
2025-07-18 13:05:58 - Found child process: 17692 Name: node.exe
2025-07-18 13:05:58 - Stopping process 39588
2025-07-18 13:05:58 - Send SIGINT 39588
2025-07-18 13:05:58 - SIGINT to 39588 failed - Killing as fallback
2025-07-18 13:05:59 - Stopping process 17692
2025-07-18 13:05:59 - Send SIGINT 17692
2025-07-18 13:05:59 - SIGINT to 17692 failed - Killing as fallback
2025-07-18 13:05:59 - Stopping process 23400
2025-07-18 13:05:59 - Send SIGINT 23400
2025-07-18 13:05:59 - SIGINT to 23400 failed - Killing as fallback
2025-07-18 13:05:59 - Finished pizzanostraprinterservice.exe
2025-07-18 13:05:59 - Starting C:\Program Files\nodejs\node.exe  --harmony --max_old_space_size=4096 C:\Users\conta\OneDrive\Desktop\pizzaria-nostra\backend\node_modules\node-windows\lib\wrapper.js --file C:\Users\conta\OneDrive\Desktop\pizzaria-nostra\backend\server.js --scriptoptions= --log "PizzaNostraPrinterService wrapper" --grow 0.25 --wait 1 --maxrestarts 3 --abortonerror n --stopparentfirst undefined
2025-07-18 13:05:59 - Started 40492
2025-07-18 13:10:52 - Starting C:\Program Files\nodejs\node.exe  --harmony --max_old_space_size=4096 C:\Users\conta\OneDrive\Desktop\pizzaria-nostra\backend\node_modules\node-windows\lib\wrapper.js --file C:\Users\conta\OneDrive\Desktop\pizzaria-nostra\backend\server.js --scriptoptions= --log "PizzaNostraPrinterService wrapper" --grow 0.25 --wait 1 --maxrestarts 3 --abortonerror n --stopparentfirst undefined
2025-07-18 13:10:52 - Started 39572
2025-07-18 13:14:14 - Stopping pizzanostraprinterservice.exe
2025-07-18 13:14:14 - ProcessKill 39572
2025-07-18 13:14:14 - Found child process: 15172 Name: conhost.exe
2025-07-18 13:14:14 - Found child process: 34984 Name: node.exe
2025-07-18 13:14:14 - Stopping process 15172
2025-07-18 13:14:14 - Send SIGINT 15172
2025-07-18 13:14:14 - SIGINT to 15172 failed - Killing as fallback
2025-07-18 13:14:14 - Stopping process 34984
2025-07-18 13:14:14 - Send SIGINT 34984
2025-07-18 13:14:14 - SIGINT to 34984 failed - Killing as fallback
2025-07-18 13:14:14 - Stopping process 39572
2025-07-18 13:14:14 - Send SIGINT 39572
2025-07-18 13:14:14 - SIGINT to 39572 failed - Killing as fallback
2025-07-18 13:14:14 - Finished pizzanostraprinterservice.exe
2025-07-18 13:15:01 - Starting C:\Program Files\nodejs\node.exe  --harmony --max_old_space_size=4096 C:\Users\conta\OneDrive\Desktop\pizzaria-nostra\backend\node_modules\node-windows\lib\wrapper.js --file C:\Users\conta\OneDrive\Desktop\pizzaria-nostra\backend\server.js --scriptoptions= --log "PizzaNostraPrinterService wrapper" --grow 0.25 --wait 1 --maxrestarts 3 --abortonerror n --stopparentfirst undefined
2025-07-18 13:15:01 - Started 28092
2025-07-18 13:16:06 - Starting C:\Program Files\nodejs\node.exe  --harmony --max_old_space_size=4096 C:\Users\conta\OneDrive\Desktop\pizzaria-nostra\backend\node_modules\node-windows\lib\wrapper.js --file C:\Users\conta\OneDrive\Desktop\pizzaria-nostra\backend\server.js --scriptoptions= --log "PizzaNostraPrinterService wrapper" --grow 0.25 --wait 1 --maxrestarts 3 --abortonerror n --stopparentfirst undefined
2025-07-18 13:16:06 - Started 37944
2025-07-18 13:17:11 - Starting C:\Program Files\nodejs\node.exe  --harmony --max_old_space_size=4096 C:\Users\conta\OneDrive\Desktop\pizzaria-nostra\backend\node_modules\node-windows\lib\wrapper.js --file C:\Users\conta\OneDrive\Desktop\pizzaria-nostra\backend\server.js --scriptoptions= --log "PizzaNostraPrinterService wrapper" --grow 0.25 --wait 1 --maxrestarts 3 --abortonerror n --stopparentfirst undefined
2025-07-18 13:17:11 - Started 21416
2025-07-18 13:18:16 - Starting C:\Program Files\nodejs\node.exe  --harmony --max_old_space_size=4096 C:\Users\conta\OneDrive\Desktop\pizzaria-nostra\backend\node_modules\node-windows\lib\wrapper.js --file C:\Users\conta\OneDrive\Desktop\pizzaria-nostra\backend\server.js --scriptoptions= --log "PizzaNostraPrinterService wrapper" --grow 0.25 --wait 1 --maxrestarts 3 --abortonerror n --stopparentfirst undefined
2025-07-18 13:18:16 - Started 39928
2025-07-18 13:19:21 - Starting C:\Program Files\nodejs\node.exe  --harmony --max_old_space_size=4096 C:\Users\conta\OneDrive\Desktop\pizzaria-nostra\backend\node_modules\node-windows\lib\wrapper.js --file C:\Users\conta\OneDrive\Desktop\pizzaria-nostra\backend\server.js --scriptoptions= --log "PizzaNostraPrinterService wrapper" --grow 0.25 --wait 1 --maxrestarts 3 --abortonerror n --stopparentfirst undefined
2025-07-18 13:19:21 - Started 39632
